Build started 05/01/2017 17:34:46.
     1>Project "C:\Users\Julien\Documents\Visual Studio 2013\Projects\Game 2\Game\Game.vcxproj" on node 2 (Build target(s)).
     1>ClCompile:
         C:\Program Files (x86)\Microsoft Visual Studio 12.0\VC\bin\CL.exe /c /Zi /nologo /W3 /WX- /sdl /O2 /Oi /Oy- /GL /D GLEW_STATIC /D _MBCS /Gm- /EHsc /MD /GS /Gy /fp:precise /Zc:wchar_t /Zc:forScope /Fo"Release\\" /Fd"Release\vc120.pdb" /Gd /TP /analyze- /errorReport:prompt src\world\chunk\Chunk.cpp
         Chunk.cpp
       Link:
         C:\Program Files (x86)\Microsoft Visual Studio 12.0\VC\bin\link.exe /ERRORREPORT:PROMPT /OUT:"C:\Users\Julien\Documents\Visual Studio 2013\Projects\Game 2\Release\Game.exe" /NOLOGO glfw3.lib opengl32.lib glew32s.lib kernel32.lib user32.lib gdi32.lib winspool.lib comdlg32.lib advapi32.lib shell32.lib ole32.lib oleaut32.lib uuid.lib odbc32.lib odbccp32.lib /MANIFEST /MANIFESTUAC:"level='asInvoker' uiAccess='false'" /manifest:embed /DEBUG /PDB:"C:\Users\Julien\Documents\Visual Studio 2013\Projects\Game 2\Release\Game.pdb" /SUBSYSTEM:CONSOLE /OPT:REF /OPT:ICF /LTCG /TLBID:1 /DYNAMICBASE /NXCOMPAT /IMPLIB:"C:\Users\Julien\Documents\Visual Studio 2013\Projects\Game 2\Release\Game.lib" /MACHINE:X86 /SAFESEH Release\Debug.obj
         Release\Attribute.obj
         Release\GraphicsAPI.obj
         Release\Model.obj
         Release\AttributelessRenderer.obj
         Release\BatchRenderer.obj
         Release\Renderer.obj
         Release\SSAO.obj
         Release\ShaderProgram.obj
         Release\Framebuffer.obj
         Release\Texture.obj
         Release\Window.obj
         Release\Input.obj
         Release\Log.obj
         Release\Main.obj
         Release\Mat3.obj
         Release\Mat4.obj
         Release\Quat.obj
         Release\Vec2.obj
         Release\Vec3.obj
         Release\Vec4.obj
         Release\Camera.obj
         Release\FrustumCuller.obj
         Release\Noise.obj
         Release\SmoothCamera.obj
         Release\ThreadPool.obj
         Release\Timer.obj
         Release\Chunk.obj
         Release\ChunkManager.obj
         Release\ChunkMesher.obj
         Release\Voxel.obj
         Release\VoxelArrayContainer.obj
         Release\VoxelRunLengthContainer.obj
         Release\World.obj
         lib\lib\glew32s.lib
         lib\lib\glfw3.lib
     1>LINK : warning LNK4098: defaultlib 'LIBCMT' conflicts with use of other libs; use /NODEFAULTLIB:library
         Generating code
         Finished generating code
     1>glew32s.lib(glew.obj) : warning LNK4204: 'C:\Users\Julien\Documents\Visual Studio 2013\Projects\Game 2\Release\vc120.pdb' is missing debugging information for referencing module; linking object as if no debug info
         Game.vcxproj -> C:\Users\Julien\Documents\Visual Studio 2013\Projects\Game 2\Release\Game.exe
     1>Done Building Project "C:\Users\Julien\Documents\Visual Studio 2013\Projects\Game 2\Game\Game.vcxproj" (Build target(s)).

Build succeeded.

Time Elapsed 00:00:04.22
